<?xml version="1.0" encoding="UTF-8"?>
<!-- Generated by org.testng.reporters.JUnitReportReporter -->
<testsuite hostname="Kailash" failures="0" tests="1" name="com.appium.Appium.Longpress" time="11.952" errors="0" timestamp="2023-09-22T17:56:19 IST" skipped="0">
  <testcase classname="com.appium.Appium.Longpress" name="longPressDemo" time="11.952"/>
  <system-out/>
</testsuite> <!-- com.appium.Appium.Longpress -->
