<?xml version="1.0" encoding="UTF-8"?>
<!-- Generated by org.testng.reporters.JUnitReportReporter -->
<testsuite hostname="Kailash" failures="0" tests="2" name="com.appium.Appium.DropDown" time="56.659" errors="0" timestamp="2023-09-28T15:43:21 IST" skipped="1">
  <testcase classname="com.appium.Appium.DropDown" name="toastMessage" time="56.659"/>
  <system-out/>
  <testcase classname="com.appium.Appium.DropDown" name="DropDownDemo">
    <skipped/>
  </testcase> <!-- DropDownDemo -->
  <system-out/>
</testsuite> <!-- com.appium.Appium.DropDown -->
