<?xml version="1.0" encoding="UTF-8"?>
<!-- Generated by org.testng.reporters.JUnitReportReporter -->
<testsuite hostname="Kailash" failures="0" tests="1" name="com.appium.Appium.SwipeDemo" time="9.118" errors="0" timestamp="2023-09-28T11:54:51 IST" skipped="0">
  <testcase classname="com.appium.Appium.SwipeDemo" name="swipeDemoTest" time="9.118"/>
  <system-out/>
</testsuite> <!-- com.appium.Appium.SwipeDemo -->
