<?xml version="1.0" encoding="UTF-8"?>
<!-- Generated by org.testng.reporters.JUnitReportReporter -->
<testsuite hostname="Kailash" failures="0" tests="1" name="com.appium.Appium.BaseClass" time="55.488" errors="0" timestamp="2023-09-19T21:12:43 IST" skipped="0">
  <testcase classname="com.appium.Appium.BaseClass" name="configureAppium" time="55.488"/>
  <system-out/>
</testsuite> <!-- com.appium.Appium.BaseClass -->
