<?xml version="1.0" encoding="UTF-8"?>
<!-- Generated by org.testng.reporters.JUnitReportReporter -->
<testsuite hostname="Kailash" failures="0" tests="1" name="com.appium.Appium.ScrollDemo" time="24.913" errors="0" timestamp="2023-09-27T17:25:12 IST" skipped="0">
  <testcase classname="com.appium.Appium.ScrollDemo" name="ScrollTest" time="24.913"/>
  <system-out/>
</testsuite> <!-- com.appium.Appium.ScrollDemo -->
